<?xml version="1.0" encoding="UTF-8"?>
<!-- Generated by org.testng.reporters.JUnitReportReporter -->
<testsuite hostname="SMPC205" failures="0" tests="1" name="testcase.KimballScrollTest" time="46.810" errors="0" timestamp="2024-12-11T17:13:32 IST" skipped="0">
  <testcase classname="testcase.KimballScrollTest" name="testInfiniteScrollAndCountProducts" time="46.810"/>
  <system-out/>
</testsuite> <!-- testcase.KimballScrollTest -->
