<?xml version="1.0" encoding="UTF-8"?>
<!-- Generated by org.testng.reporters.JUnitReportReporter -->
<testsuite hostname="SMPC205" failures="0" tests="1" name="testcase.Testng" time="41.073" errors="0" timestamp="2024-11-06T12:44:26 IST" skipped="0">
  <testcase classname="testcase.Testng" name="countProducts" time="41.073"/>
  <system-out/>
</testsuite> <!-- testcase.Testng -->
