<?xml version="1.0" encoding="UTF-8"?>
<!-- Generated by org.testng.reporters.JUnitReportReporter -->
<testsuite hostname="SMPC205" failures="0" tests="1" name="findweblink" time="8.802" errors="0" timestamp="2024-10-23T12:02:40 IST" skipped="0">
  <testcase classname="findweblink" name="testFindLinks" time="8.802"/>
  <system-out/>
</testsuite> <!-- findweblink -->
