<?xml version="1.0" encoding="UTF-8"?>
<!-- Generated by org.testng.reporters.JUnitReportReporter -->
<testsuite hostname="SMPC205" failures="0" tests="1" name="AfterClass" time="9.977" errors="0" timestamp="2024-10-17T15:26:33 IST" skipped="0">
  <testcase classname="AfterClass" name="testNavigationAndScroll" time="9.977"/>
  <system-out/>
</testsuite> <!-- AfterClass -->
