<?xml version="1.0" encoding="UTF-8"?>
<!-- Generated by org.testng.reporters.JUnitReportReporter -->
<testsuite hostname="SMPC205" failures="0" tests="1" name="Header.verifybrandlogo" time="9.989" errors="0" timestamp="2025-01-02T13:47:45 IST" skipped="0">
  <testcase classname="Header.verifybrandlogo" name="testBrandLogoVisibilityAndClick" time="9.989"/>
  <system-out/>
</testsuite> <!-- Header.verifybrandlogo -->
