<?xml version="1.0" encoding="UTF-8"?>
<!-- Generated by org.testng.reporters.JUnitReportReporter -->
<testsuite hostname="SMPC205" failures="0" tests="1" name="NavigationTest" time="20.367" errors="0" timestamp="2024-10-17T18:05:22 IST" skipped="0">
  <testcase classname="NavigationTest" name="testNavigationAndScroll" time="20.367"/>
  <system-out/>
</testsuite> <!-- NavigationTest -->
