<?xml version="1.0" encoding="UTF-8"?>
<!-- Generated by org.testng.reporters.JUnitReportReporter -->
<testsuite hostname="SMPC205" failures="0" tests="1" name="Header.verifybrandlogo" time="7.837" errors="0" timestamp="2025-02-19T16:16:03 IST" skipped="0">
  <testcase classname="Header.verifybrandlogo" name="testBrandLogoVisibilityAndClick" time="7.837"/>
  <system-out/>
</testsuite> <!-- Header.verifybrandlogo -->
